[2018-03-24 16:04:52.8436] 
客户机IP:::1
错误地址:http://localhost:40610/favicon.ico
异常信息:“DTcms.DBUtility.DbHelperSQL”的类型初始值设定项引发异常。 
[2018-03-24 16:04:53.0635] 
客户机IP:::1
错误地址:http://localhost:40610/__browserLink/requestData/8365242097c74cc790111a3b38ed80ea?version=2
异常信息:“DTcms.DBUtility.DbHelperSQL”的类型初始值设定项引发异常。 
[2018-03-24 16:04:57.1690] 
客户机IP:::1
错误地址:http://localhost:40610/admin/login.aspx
异常信息:引发类型为“System.Web.HttpUnhandledException”的异常。 
[2018-03-24 16:04:57.2774] 
客户机IP:::1
错误地址:http://localhost:40610/favicon.ico
异常信息:“DTcms.DBUtility.DbHelperSQL”的类型初始值设定项引发异常。 
[2018-03-24 16:05:19.4672] 
客户机IP:::1
错误地址:http://localhost:40610/favicon.ico
异常信息:“DTcms.DBUtility.DbHelperSQL”的类型初始值设定项引发异常。 
[2018-03-24 16:05:19.5043] 
客户机IP:::1
错误地址:http://localhost:40610/__browserLink/requestData/445f213aa15641119f0ff75eaf33bb54?version=2
异常信息:“DTcms.DBUtility.DbHelperSQL”的类型初始值设定项引发异常。 
[2018-03-24 16:06:42.3287] 
客户机IP:::1
错误地址:http://localhost:40610/favicon.ico
异常信息:“DTcms.DBUtility.DbHelperSQL”的类型初始值设定项引发异常。 
[2018-03-24 16:06:42.3287] 
客户机IP:::1
错误地址:http://localhost:40610/__browserLink/requestData/3a6e772567514493b096577d5ad96943?version=2
异常信息:“DTcms.DBUtility.DbHelperSQL”的类型初始值设定项引发异常。 
[2018-03-24 16:07:38.8951] 
客户机IP:::1
错误地址:http://localhost:40610/admin/login.aspx
异常信息:引发类型为“System.Web.HttpUnhandledException”的异常。 
[2018-03-24 16:07:43.9894] 
客户机IP:::1
错误地址:http://localhost:40610/favicon.ico
异常信息:“DTcms.DBUtility.DbHelperSQL”的类型初始值设定项引发异常。 
[2018-03-24 16:07:51.8300] 
客户机IP:::1
错误地址:http://localhost:40610/favicon.ico
异常信息:“DTcms.DBUtility.DbHelperSQL”的类型初始值设定项引发异常。 
[2018-03-24 16:07:52.9791] 
客户机IP:::1
错误地址:http://localhost:40610/__browserLink/requestData/99bcceb3eb274abda8b9ee8ec5384314?version=2
异常信息:“DTcms.DBUtility.DbHelperSQL”的类型初始值设定项引发异常。 
[2018-03-24 16:09:58.3760] 
客户机IP:::1
错误地址:http://localhost:40610/favicon.ico
异常信息:“DTcms.DBUtility.DbHelperSQL”的类型初始值设定项引发异常。 
[2018-03-24 16:10:10.1131] 
客户机IP:::1
错误地址:http://localhost:40610/__browserLink/requestData/58c5b825ee834876bf0b001a6b461b96?version=2
异常信息:“DTcms.DBUtility.DbHelperSQL”的类型初始值设定项引发异常。 
[2018-03-24 16:10:17.1514] 
客户机IP:::1
错误地址:http://localhost:40610/__browserLink/requestData/0090faa2590f4ae3a19b9a064a9e38ed?version=2
异常信息:“DTcms.DBUtility.DbHelperSQL”的类型初始值设定项引发异常。 
[2018-03-24 16:10:24.1999] 
客户机IP:::1
错误地址:http://localhost:40610/__browserLink/requestData/5574405eff4a4ec6b93790df9ff556bf?version=2
异常信息:“DTcms.DBUtility.DbHelperSQL”的类型初始值设定项引发异常。 
[2018-03-24 16:39:59.6886] 
客户机IP:::1
错误地址:http://localhost:40610/__browserLink/requestData/b56d8ae2d46044c199839614955b79d6?version=2
异常信息:“DTcms.DBUtility.DbHelperSQL”的类型初始值设定项引发异常。 
[2018-03-24 16:40:00.9132] 
客户机IP:::1
错误地址:http://localhost:40610/__browserLink/requestData/9259b08454fb4745b0e27142b894f506?version=2
异常信息:“DTcms.DBUtility.DbHelperSQL”的类型初始值设定项引发异常。 
[2018-03-24 16:40:05.4171] 
客户机IP:::1
错误地址:http://localhost:40610/__browserLink/requestData/4c23309d9f9549d5b95b798f175267a1?version=2
异常信息:“DTcms.DBUtility.DbHelperSQL”的类型初始值设定项引发异常。 
[2018-03-24 16:40:09.4969] 
客户机IP:::1
错误地址:http://localhost:40610/favicon.ico
异常信息:“DTcms.DBUtility.DbHelperSQL”的类型初始值设定项引发异常。 
[2018-03-24 16:40:09.5270] 
客户机IP:::1
错误地址:http://localhost:40610/__browserLink/requestData/b2af3a156a2f4ccfb2d3304f8bf2ac6b?version=2
异常信息:“DTcms.DBUtility.DbHelperSQL”的类型初始值设定项引发异常。 
[2018-03-24 16:40:13.0303] 
客户机IP:::1
错误地址:http://localhost:40610/favicon.ico
异常信息:“DTcms.DBUtility.DbHelperSQL”的类型初始值设定项引发异常。 
[2018-03-24 16:40:13.0598] 
客户机IP:::1
错误地址:http://localhost:40610/__browserLink/requestData/572263cd860b48d7905f0ac7aa275889?version=2
异常信息:“DTcms.DBUtility.DbHelperSQL”的类型初始值设定项引发异常。 
[2018-03-24 16:40:15.0090] 
客户机IP:::1
错误地址:http://localhost:40610/favicon.ico
异常信息:“DTcms.DBUtility.DbHelperSQL”的类型初始值设定项引发异常。 
[2018-03-24 16:40:15.0380] 
客户机IP:::1
错误地址:http://localhost:40610/__browserLink/requestData/f0438da6bf90492486190d0d52f72a3f?version=2
异常信息:“DTcms.DBUtility.DbHelperSQL”的类型初始值设定项引发异常。 
[2018-03-24 16:40:15.0541] 
客户机IP:::1
错误地址:http://localhost:40610/__browserLink/requestData/d10ec75553eb43099be20e2e079e22d4?version=2
异常信息:“DTcms.DBUtility.DbHelperSQL”的类型初始值设定项引发异常。 
[2018-03-24 16:40:16.3989] 
客户机IP:::1
错误地址:http://localhost:40610/__browserLink/requestData/7d47a49986ec4c39b7ac0ae8a56b96db?version=2
异常信息:“DTcms.DBUtility.DbHelperSQL”的类型初始值设定项引发异常。 
[2018-03-24 16:40:20.9523] 
客户机IP:::1
错误地址:http://localhost:40610/__browserLink/requestData/6e31c0ae5027485fbe35efd237fe07c4?version=2
异常信息:“DTcms.DBUtility.DbHelperSQL”的类型初始值设定项引发异常。 
[2018-03-24 16:40:22.1875] 
客户机IP:::1
错误地址:http://localhost:40610/__browserLink/requestData/ebc0dde61e85409ca7048d34b8615b45?version=2
异常信息:“DTcms.DBUtility.DbHelperSQL”的类型初始值设定项引发异常。 
[2018-03-24 16:40:23.6544] 
客户机IP:::1
错误地址:http://localhost:40610/__browserLink/requestData/851fafef8acb4a469dc69018c424d16e?version=2
异常信息:“DTcms.DBUtility.DbHelperSQL”的类型初始值设定项引发异常。 
[2018-03-24 16:40:28.3292] 
客户机IP:::1
错误地址:http://localhost:40610/admin/manager/role_edit.aspx?action=Edit&id=2
异常信息:引发类型为“System.Web.HttpUnhandledException”的异常。 
[2018-03-24 16:40:31.3366] 
客户机IP:::1
错误地址:http://localhost:40610/__browserLink/requestData/06a199d8960b4f3397db222972099d09?version=2
异常信息:“DTcms.DBUtility.DbHelperSQL”的类型初始值设定项引发异常。 
[2018-03-24 16:40:31.6724] 
客户机IP:::1
错误地址:http://localhost:40610/__browserLink/requestData/958d73db512f403899dbe31f353d0582?version=2
异常信息:“DTcms.DBUtility.DbHelperSQL”的类型初始值设定项引发异常。 
[2018-03-24 16:40:32.4044] 
客户机IP:::1
错误地址:http://localhost:40610/__browserLink/requestData/10d8edcce0a146b3816bb1f28d815830?version=2
异常信息:“DTcms.DBUtility.DbHelperSQL”的类型初始值设定项引发异常。 
[2018-03-24 16:40:32.7355] 
客户机IP:::1
错误地址:http://localhost:40610/__browserLink/requestData/34a8fca9aee24b14b21e323f4497fbb8?version=2
异常信息:“DTcms.DBUtility.DbHelperSQL”的类型初始值设定项引发异常。 
[2018-03-24 16:40:34.0636] 
客户机IP:::1
错误地址:http://localhost:40610/__browserLink/requestData/0e1f2ddc954b4867821636244b9ae319?version=2
异常信息:“DTcms.DBUtility.DbHelperSQL”的类型初始值设定项引发异常。 
[2018-03-24 16:40:39.8910] 
客户机IP:::1
错误地址:http://localhost:40610/__browserLink/requestData/34a8fca9aee24b14b21e323f4497fbb8?version=2
异常信息:“DTcms.DBUtility.DbHelperSQL”的类型初始值设定项引发异常。 
[2018-03-24 16:40:41.7087] 
客户机IP:::1
错误地址:http://localhost:40610/__browserLink/requestData/727e2056d2ea492ab2e0fdd180bfba0e?version=2
异常信息:“DTcms.DBUtility.DbHelperSQL”的类型初始值设定项引发异常。 
[2018-03-24 16:40:55.1285] 
客户机IP:::1
错误地址:http://localhost:40610/__browserLink/requestData/34a8fca9aee24b14b21e323f4497fbb8?version=2
异常信息:“DTcms.DBUtility.DbHelperSQL”的类型初始值设定项引发异常。 
