[2018-03-26 10:18:22.9705] 
客户机IP:::1
错误地址:http://localhost:40610/index.aspx
异常信息:“DTcms.DBUtility.DbHelperSQL”的类型初始值设定项引发异常。 
[2018-03-26 10:18:23.1710] 
客户机IP:::1
错误地址:http://localhost:40610/favicon.ico
异常信息:“DTcms.DBUtility.DbHelperSQL”的类型初始值设定项引发异常。 
[2018-03-26 10:19:18.8134] 
客户机IP:::1
错误地址:http://localhost:40610/favicon.ico
异常信息:“DTcms.DBUtility.DbHelperSQL”的类型初始值设定项引发异常。 
[2018-03-26 10:19:19.1051] 
客户机IP:::1
错误地址:http://localhost:40610/__browserLink/requestData/a3055899786d4b869bbe6f6f9ad255db?version=2
异常信息:“DTcms.DBUtility.DbHelperSQL”的类型初始值设定项引发异常。 
[2018-03-26 10:19:23.0257] 
客户机IP:::1
错误地址:http://localhost:40610/favicon.ico
异常信息:“DTcms.DBUtility.DbHelperSQL”的类型初始值设定项引发异常。 
[2018-03-26 10:19:23.0478] 
客户机IP:::1
错误地址:http://localhost:40610/__browserLink/requestData/4ace60a33d374dfa8ac4eba595ab47a1?version=2
异常信息:“DTcms.DBUtility.DbHelperSQL”的类型初始值设定项引发异常。 
[2018-03-26 10:19:23.0727] 
客户机IP:::1
错误地址:http://localhost:40610/__browserLink/requestData/77c7c23d1f754f018568dca00f39f4f5?version=2
异常信息:“DTcms.DBUtility.DbHelperSQL”的类型初始值设定项引发异常。 
[2018-03-26 10:19:23.2608] 
客户机IP:::1
错误地址:http://localhost:40610/__browserLink/requestData/aead640a318b41c08ede9b9ed3f920e3?version=2
异常信息:“DTcms.DBUtility.DbHelperSQL”的类型初始值设定项引发异常。 
[2018-03-26 10:19:48.0813] 
客户机IP:::1
错误地址:http://localhost:40610/__browserLink/requestData/d20d589c3b624759a873e442dd5f734b?version=2
异常信息:“DTcms.DBUtility.DbHelperSQL”的类型初始值设定项引发异常。 
[2018-03-26 10:20:02.7824] 
客户机IP:::1
错误地址:http://localhost:40610/__browserLink/requestData/00e3ec61156440358ba46e4293f0f04b?version=2
异常信息:“DTcms.DBUtility.DbHelperSQL”的类型初始值设定项引发异常。 
[2018-03-26 10:20:04.3954] 
客户机IP:::1
错误地址:http://localhost:40610/__browserLink/requestData/d20d589c3b624759a873e442dd5f734b?version=2
异常信息:“DTcms.DBUtility.DbHelperSQL”的类型初始值设定项引发异常。 
[2018-03-26 10:20:05.1773] 
客户机IP:::1
错误地址:http://localhost:40610/__browserLink/requestData/fe4401e60691467c89392fa61d3e0fbf?version=2
异常信息:“DTcms.DBUtility.DbHelperSQL”的类型初始值设定项引发异常。 
[2018-03-26 10:20:05.6884] 
客户机IP:::1
错误地址:http://localhost:40610/__browserLink/requestData/4f9b8fbf026b45e5acc55c2f4707218c?version=2
异常信息:“DTcms.DBUtility.DbHelperSQL”的类型初始值设定项引发异常。 
[2018-03-26 10:20:06.3191] 
客户机IP:::1
错误地址:http://localhost:40610/__browserLink/requestData/d18d0440a4f54570a11e48d22ce3af7d?version=2
异常信息:“DTcms.DBUtility.DbHelperSQL”的类型初始值设定项引发异常。 
[2018-03-26 10:20:08.1567] 
客户机IP:::1
错误地址:http://localhost:40610/__browserLink/requestData/fd7f17f5a5b84562a67bbeceb30f433e?version=2
异常信息:“DTcms.DBUtility.DbHelperSQL”的类型初始值设定项引发异常。 
[2018-03-26 10:20:19.4402] 
客户机IP:::1
错误地址:http://localhost:40610/admin/manager/role_edit.aspx?action=Add
异常信息:引发类型为“System.Web.HttpUnhandledException”的异常。 
[2018-03-26 10:20:38.8436] 
客户机IP:::1
错误地址:http://localhost:40610/
异常信息:“DTcms.DBUtility.DbHelperSQL”的类型初始值设定项引发异常。 
[2018-03-26 10:20:47.9318] 
客户机IP:::1
错误地址:http://localhost:40610/__browserLink/requestData/3a68ed9457a246da92c8fcad3baac2f6?version=2
异常信息:“DTcms.DBUtility.DbHelperSQL”的类型初始值设定项引发异常。 
[2018-03-26 10:20:54.7794] 
客户机IP:::1
错误地址:http://localhost:40610/__browserLink/requestData/3a68ed9457a246da92c8fcad3baac2f6?version=2
异常信息:“DTcms.DBUtility.DbHelperSQL”的类型初始值设定项引发异常。 
[2018-03-26 10:20:58.3953] 
客户机IP:::1
错误地址:http://localhost:40610/__browserLink/requestData/3a68ed9457a246da92c8fcad3baac2f6?version=2
异常信息:“DTcms.DBUtility.DbHelperSQL”的类型初始值设定项引发异常。 
[2018-03-26 10:21:23.9191] 
客户机IP:::1
错误地址:http://localhost:40610/__browserLink/requestData/5fbd3070339f4356a058ff1e9506b04d?version=2
异常信息:“DTcms.DBUtility.DbHelperSQL”的类型初始值设定项引发异常。 
[2018-03-26 10:23:38.3340] 
客户机IP:::1
错误地址:http://localhost:40610/admin/manager/role_edit.aspx?action=Add
异常信息:引发类型为“System.Web.HttpUnhandledException”的异常。 
[2018-03-26 10:23:43.5774] 
客户机IP:::1
错误地址:http://localhost:40610/__browserLink/requestData/4be151cebbce4f858327dd0dabb06681?version=2
异常信息:“DTcms.DBUtility.DbHelperSQL”的类型初始值设定项引发异常。 
[2018-03-26 10:23:49.8254] 
客户机IP:::1
错误地址:http://localhost:40610/__browserLink/requestData/4fbfeb3ce9794596baf46edd323299d2?version=2
异常信息:“DTcms.DBUtility.DbHelperSQL”的类型初始值设定项引发异常。 
[2018-03-26 10:24:40.6221] 
客户机IP:::1
错误地址:http://localhost:40610/admin/manager/role_edit.aspx?action=Add
异常信息:引发类型为“System.Web.HttpUnhandledException”的异常。 
[2018-03-26 10:24:47.6735] 
客户机IP:::1
错误地址:http://localhost:40610/__browserLink/requestData/cfa18c406589416f8cfaf42c4dc9d4aa?version=2
异常信息:“DTcms.DBUtility.DbHelperSQL”的类型初始值设定项引发异常。 
[2018-03-26 10:25:06.6418] 
客户机IP:::1
错误地址:http://localhost:40610/__browserLink/requestData/aca8146eefc649da9489c28021a590ae?version=2
异常信息:“DTcms.DBUtility.DbHelperSQL”的类型初始值设定项引发异常。 
[2018-03-26 10:25:14.5923] 
客户机IP:::1
错误地址:http://localhost:40610/__browserLink/requestData/98312150aa734fab8652d3fec64edea7?version=2
异常信息:“DTcms.DBUtility.DbHelperSQL”的类型初始值设定项引发异常。 
[2018-03-26 10:25:53.3373] 
客户机IP:::1
错误地址:http://localhost:40610/admin/manager/role_edit.aspx?action=Add
异常信息:引发类型为“System.Web.HttpUnhandledException”的异常。 
[2018-03-26 10:25:58.9054] 
客户机IP:::1
错误地址:http://localhost:40610/__browserLink/requestData/b3cf5fc25833442c85e317c55446ff76?version=2
异常信息:“DTcms.DBUtility.DbHelperSQL”的类型初始值设定项引发异常。 
[2018-03-26 10:26:00.8165] 
客户机IP:::1
错误地址:http://localhost:40610/favicon.ico
异常信息:“DTcms.DBUtility.DbHelperSQL”的类型初始值设定项引发异常。 
[2018-03-26 10:26:01.5946] 
客户机IP:::1
错误地址:http://localhost:40610/__browserLink/requestData/32417c31f9bd4b9885be169bc099f0a1?version=2
异常信息:“DTcms.DBUtility.DbHelperSQL”的类型初始值设定项引发异常。 
[2018-03-26 10:26:02.1527] 
客户机IP:::1
错误地址:http://localhost:40610/__browserLink/requestData/4b9ac51324b54a9188590039de77ac39?version=2
异常信息:“DTcms.DBUtility.DbHelperSQL”的类型初始值设定项引发异常。 
[2018-03-26 10:26:18.6256] 
客户机IP:::1
错误地址:http://localhost:40610/__browserLink/requestData/fed91ee63bec4b8882c645d0fa646f62?version=2
异常信息:“DTcms.DBUtility.DbHelperSQL”的类型初始值设定项引发异常。 
[2018-03-26 10:26:19.9941] 
客户机IP:::1
错误地址:http://localhost:40610/favicon.ico
异常信息:“DTcms.DBUtility.DbHelperSQL”的类型初始值设定项引发异常。 
[2018-03-26 10:26:20.5648] 
客户机IP:::1
错误地址:http://localhost:40610/__browserLink/requestData/d91f705d54034133890824925480081f?version=2
异常信息:“DTcms.DBUtility.DbHelperSQL”的类型初始值设定项引发异常。 
[2018-03-26 10:26:22.1768] 
客户机IP:::1
错误地址:http://localhost:40610/__browserLink/requestData/698f04ba2622423ca3fac42c962888be?version=2
异常信息:“DTcms.DBUtility.DbHelperSQL”的类型初始值设定项引发异常。 
[2018-03-26 10:26:28.1614] 
客户机IP:::1
错误地址:http://localhost:40610/__browserLink/requestData/fed91ee63bec4b8882c645d0fa646f62?version=2
异常信息:“DTcms.DBUtility.DbHelperSQL”的类型初始值设定项引发异常。 
[2018-03-26 10:26:28.9876] 
客户机IP:::1
错误地址:http://localhost:40610/favicon.ico
异常信息:“DTcms.DBUtility.DbHelperSQL”的类型初始值设定项引发异常。 
[2018-03-26 10:26:29.5330] 
客户机IP:::1
错误地址:http://localhost:40610/__browserLink/requestData/99774980e0dc4efc8f41fa1293edf748?version=2
异常信息:“DTcms.DBUtility.DbHelperSQL”的类型初始值设定项引发异常。 
[2018-03-26 10:26:30.0495] 
客户机IP:::1
错误地址:http://localhost:40610/__browserLink/requestData/83043f2dd4d04c85aae581e086aa82d8?version=2
异常信息:“DTcms.DBUtility.DbHelperSQL”的类型初始值设定项引发异常。 
[2018-03-26 10:26:30.9136] 
客户机IP:::1
错误地址:http://localhost:40610/__browserLink/requestData/63e453b83e9342dd9a1a6199ea8e6638?version=2
异常信息:“DTcms.DBUtility.DbHelperSQL”的类型初始值设定项引发异常。 
[2018-03-26 10:26:35.7281] 
客户机IP:::1
错误地址:http://localhost:40610/__browserLink/requestData/299fcd9bf4c94f10a085c705c4967871?version=2
异常信息:“DTcms.DBUtility.DbHelperSQL”的类型初始值设定项引发异常。 
[2018-03-26 10:26:39.1521] 
客户机IP:::1
错误地址:http://localhost:40610/__browserLink/requestData/63e453b83e9342dd9a1a6199ea8e6638?version=2
异常信息:“DTcms.DBUtility.DbHelperSQL”的类型初始值设定项引发异常。 
[2018-03-26 10:26:43.1049] 
客户机IP:::1
错误地址:http://localhost:40610/__browserLink/requestData/c292fe4437a141339f5efde9d164c439?version=2
异常信息:“DTcms.DBUtility.DbHelperSQL”的类型初始值设定项引发异常。 
[2018-03-26 10:29:57.0619] 
客户机IP:::1
错误地址:http://localhost:40610/__browserLink/requestData/cf1dcf44de0345d38d97726f57305b70?version=2
异常信息:“DTcms.DBUtility.DbHelperSQL”的类型初始值设定项引发异常。 
[2018-03-26 10:29:58.5960] 
客户机IP:::1
错误地址:http://localhost:40610/__browserLink/requestData/ee7cc8fd644641e3951797a53a357b69?version=2
异常信息:“DTcms.DBUtility.DbHelperSQL”的类型初始值设定项引发异常。 
[2018-03-26 10:30:01.4596] 
客户机IP:::1
错误地址:http://localhost:40610/__browserLink/requestData/5a11e71b59d3495fa11f3b03e9a70d6c?version=2
异常信息:“DTcms.DBUtility.DbHelperSQL”的类型初始值设定项引发异常。 
[2018-03-26 10:30:02.3951] 
客户机IP:::1
错误地址:http://localhost:40610/__browserLink/requestData/64d4c40e89024037b0f726632d06a949?version=2
异常信息:“DTcms.DBUtility.DbHelperSQL”的类型初始值设定项引发异常。 
[2018-03-26 10:30:06.2293] 
客户机IP:::1
错误地址:http://localhost:40610/__browserLink/requestData/3da9b90fc9064f9a8e9dd9d426529352?version=2
异常信息:“DTcms.DBUtility.DbHelperSQL”的类型初始值设定项引发异常。 
[2018-03-26 10:30:08.0351] 
客户机IP:::1
错误地址:http://localhost:40610/__browserLink/requestData/38e7e468f35d4cfebf54bd8adefae1af?version=2
异常信息:“DTcms.DBUtility.DbHelperSQL”的类型初始值设定项引发异常。 
[2018-03-26 10:30:12.0368] 
客户机IP:::1
错误地址:http://localhost:40610/admin/manager/role_edit.aspx?action=Add
异常信息:引发类型为“System.Web.HttpUnhandledException”的异常。 
[2018-03-26 10:30:25.8345] 
客户机IP:::1
错误地址:http://localhost:40610/
异常信息:“DTcms.DBUtility.DbHelperSQL”的类型初始值设定项引发异常。 
[2018-03-26 10:30:29.6808] 
客户机IP:::1
错误地址:http://localhost:40610/__browserLink/requestData/96c4b6c83908415abf972d845ed8cb46?version=2
异常信息:“DTcms.DBUtility.DbHelperSQL”的类型初始值设定项引发异常。 
[2018-03-26 10:30:50.6891] 
客户机IP:::1
错误地址:http://localhost:40610/__browserLink/requestData/70a55c1c3cc7416db17e2b1f1243a486?version=2
异常信息:“DTcms.DBUtility.DbHelperSQL”的类型初始值设定项引发异常。 
[2018-03-26 10:30:53.1687] 
客户机IP:::1
错误地址:http://localhost:40610/__browserLink/requestData/96c4b6c83908415abf972d845ed8cb46?version=2
异常信息:“DTcms.DBUtility.DbHelperSQL”的类型初始值设定项引发异常。 
[2018-03-26 10:30:58.8809] 
客户机IP:::1
错误地址:http://localhost:40610/__browserLink/requestData/08e3cd6943ed4a779eaed1c478568fa2?version=2
异常信息:“DTcms.DBUtility.DbHelperSQL”的类型初始值设定项引发异常。 
[2018-03-26 10:34:00.6296] 
客户机IP:::1
错误地址:http://localhost:40610/admin/manager/role_edit.aspx?action=Add
异常信息:引发类型为“System.Web.HttpUnhandledException”的异常。 
[2018-03-26 10:34:01.4358] 
客户机IP:::1
错误地址:http://localhost:40610/favicon.ico
异常信息:“DTcms.DBUtility.DbHelperSQL”的类型初始值设定项引发异常。 
[2018-03-26 10:34:03.8415] 
客户机IP:::1
错误地址:http://localhost:40610/__browserLink/requestData/5ae9dd2ec2a94d10960462a44e101ee0?version=2
异常信息:“DTcms.DBUtility.DbHelperSQL”的类型初始值设定项引发异常。 
[2018-03-26 10:34:07.3129] 
客户机IP:::1
错误地址:http://localhost:40610/__browserLink/requestData/9aacd302ed0343859e35ed420b1bde43?version=2
异常信息:“DTcms.DBUtility.DbHelperSQL”的类型初始值设定项引发异常。 
[2018-03-26 10:34:17.8788] 
客户机IP:::1
错误地址:http://localhost:40610/__browserLink/requestData/95e4265f4f104a018192f4f5e02ba38a?version=2
异常信息:“DTcms.DBUtility.DbHelperSQL”的类型初始值设定项引发异常。 
[2018-03-26 10:34:20.8590] 
客户机IP:::1
错误地址:http://localhost:40610/__browserLink/requestData/65718a8dfe174efd91be5dfad750d183?version=2
异常信息:“DTcms.DBUtility.DbHelperSQL”的类型初始值设定项引发异常。 
[2018-03-26 10:34:24.7757] 
客户机IP:::1
错误地址:http://localhost:40610/__browserLink/requestData/2966fd14aef640708693ca731e0ffa43?version=2
异常信息:“DTcms.DBUtility.DbHelperSQL”的类型初始值设定项引发异常。 
[2018-03-26 10:37:38.8374] 
客户机IP:::1
错误地址:http://localhost:40610/__browserLink/requestData/db3037a172514f639be560844eaec364?version=2
异常信息:“DTcms.DBUtility.DbHelperSQL”的类型初始值设定项引发异常。 
[2018-03-26 10:37:43.4075] 
客户机IP:::1
错误地址:http://localhost:40610/__browserLink/requestData/fa6602e8ce904bb98e5b557f81f0372e?version=2
异常信息:“DTcms.DBUtility.DbHelperSQL”的类型初始值设定项引发异常。 
[2018-03-26 10:39:48.8575] 
客户机IP:::1
错误地址:http://localhost:40610/admin/manager/role_edit.aspx?action=Add
异常信息:引发类型为“System.Web.HttpUnhandledException”的异常。 
[2018-03-26 10:40:43.8604] 
客户机IP:::1
错误地址:http://localhost:40610/
异常信息:“DTcms.DBUtility.DbHelperSQL”的类型初始值设定项引发异常。 
[2018-03-26 10:40:48.4350] 
客户机IP:::1
错误地址:http://localhost:40610/__browserLink/requestData/93e161eac828490e8d5a5a4f77dfd28a?version=2
异常信息:“DTcms.DBUtility.DbHelperSQL”的类型初始值设定项引发异常。 
[2018-03-26 10:40:53.1316] 
客户机IP:::1
错误地址:http://localhost:40610/__browserLink/requestData/3bc0f169ad174bdeb7f43b8a19e397fe?version=2
异常信息:“DTcms.DBUtility.DbHelperSQL”的类型初始值设定项引发异常。 
[2018-03-26 10:41:00.7851] 
客户机IP:::1
错误地址:http://localhost:40610/__browserLink/requestData/0cea8bd747384d32bd6c36b720d4a358?version=2
异常信息:“DTcms.DBUtility.DbHelperSQL”的类型初始值设定项引发异常。 
[2018-03-26 10:41:03.9528] 
客户机IP:::1
错误地址:http://localhost:40610/__browserLink/requestData/e5524fc8f43e40428381c6331e72c485?version=2
异常信息:“DTcms.DBUtility.DbHelperSQL”的类型初始值设定项引发异常。 
[2018-03-26 10:41:05.9606] 
客户机IP:::1
错误地址:http://localhost:40610/__browserLink/requestData/0cea8bd747384d32bd6c36b720d4a358?version=2
异常信息:“DTcms.DBUtility.DbHelperSQL”的类型初始值设定项引发异常。 
[2018-03-26 10:42:14.0357] 
客户机IP:::1
错误地址:http://localhost:40610/__browserLink/requestData/2cafdcf767e84a72bae83ebab7465f6e?version=2
异常信息:“DTcms.DBUtility.DbHelperSQL”的类型初始值设定项引发异常。 
[2018-03-26 10:43:09.5915] 
客户机IP:::1
错误地址:http://localhost:40610/admin/manager/role_edit.aspx?action=Add
异常信息:引发类型为“System.Web.HttpUnhandledException”的异常。 
[2018-03-26 10:44:13.8908] 
客户机IP:::1
错误地址:http://localhost:40610/__browserLink/requestData/837472c1c5da4ecb9fea0a3e6370877e?version=2
异常信息:“DTcms.DBUtility.DbHelperSQL”的类型初始值设定项引发异常。 
[2018-03-26 10:44:15.5793] 
客户机IP:::1
错误地址:http://localhost:40610/__browserLink/requestData/3d90e1221ac3451cac2875e074f44932?version=2
异常信息:“DTcms.DBUtility.DbHelperSQL”的类型初始值设定项引发异常。 
[2018-03-26 10:44:22.5333] 
客户机IP:::1
错误地址:http://localhost:40610/admin/manager/role_edit.aspx?action=Add
异常信息:引发类型为“System.Web.HttpUnhandledException”的异常。 
[2018-03-26 10:44:32.5958] 
客户机IP:::1
错误地址:http://localhost:40610/
异常信息:“DTcms.DBUtility.DbHelperSQL”的类型初始值设定项引发异常。 
[2018-03-26 10:44:39.5303] 
客户机IP:::1
错误地址:http://localhost:40610/__browserLink/requestData/82c9dc0bc18249a68a06ecd104c8cff0?version=2
异常信息:“DTcms.DBUtility.DbHelperSQL”的类型初始值设定项引发异常。 
[2018-03-26 10:44:42.0708] 
客户机IP:::1
错误地址:http://localhost:40610/__browserLink/requestData/7eb28f7cd7d74de39ec7b59499881985?version=2
异常信息:“DTcms.DBUtility.DbHelperSQL”的类型初始值设定项引发异常。 
[2018-03-26 10:44:53.9295] 
客户机IP:::1
错误地址:http://localhost:40610/
异常信息:“DTcms.DBUtility.DbHelperSQL”的类型初始值设定项引发异常。 
[2018-03-26 10:44:56.0861] 
客户机IP:::1
错误地址:http://localhost:40610/favicon.ico
异常信息:“DTcms.DBUtility.DbHelperSQL”的类型初始值设定项引发异常。 
[2018-03-26 10:45:00.4119] 
客户机IP:::1
错误地址:http://localhost:40610/__browserLink/requestData/6de6a0773a5f44fc8762a4050f8f3724?version=2
异常信息:“DTcms.DBUtility.DbHelperSQL”的类型初始值设定项引发异常。 
[2018-03-26 10:45:08.1880] 
客户机IP:::1
错误地址:http://localhost:40610/__browserLink/requestData/d0ec4d03b2d74224b3951a26963e40c5?version=2
异常信息:“DTcms.DBUtility.DbHelperSQL”的类型初始值设定项引发异常。 
[2018-03-26 10:49:00.0649] 
客户机IP:::1
错误地址:http://localhost:40610/admin/manager/role_edit.aspx?action=Add
异常信息:引发类型为“System.Web.HttpUnhandledException”的异常。 
[2018-03-26 11:05:02.5033] 
客户机IP:::1
错误地址:http://localhost:40610/
异常信息:“DTcms.DBUtility.DbHelperSQL”的类型初始值设定项引发异常。 
[2018-03-26 11:05:02.5033] 
客户机IP:::1
错误地址:http://localhost:40610/
异常信息:“DTcms.DBUtility.DbHelperSQL”的类型初始值设定项引发异常。 
[2018-03-26 11:05:06.2663] 
客户机IP:::1
错误地址:http://localhost:40610/__browserLink/requestData/d1324ce368f74dbd93557e4c117b9cbc?version=2
异常信息:“DTcms.DBUtility.DbHelperSQL”的类型初始值设定项引发异常。 
[2018-03-26 11:05:10.2495] 
客户机IP:::1
错误地址:http://localhost:40610/__browserLink/requestData/e901b08791034c65b17b907c739d5413?version=2
异常信息:“DTcms.DBUtility.DbHelperSQL”的类型初始值设定项引发异常。 
[2018-03-26 11:09:32.0050] 
客户机IP:::1
错误地址:http://localhost:40610/admin/manager/role_edit.aspx?action=Add
异常信息:引发类型为“System.Web.HttpUnhandledException”的异常。 
[2018-03-26 11:10:26.6113] 
客户机IP:::1
错误地址:http://localhost:40610/
异常信息:“DTcms.DBUtility.DbHelperSQL”的类型初始值设定项引发异常。 
[2018-03-26 11:10:26.6113] 
客户机IP:::1
错误地址:http://localhost:40610/
异常信息:“DTcms.DBUtility.DbHelperSQL”的类型初始值设定项引发异常。 
[2018-03-26 11:10:28.8713] 
客户机IP:::1
错误地址:http://localhost:40610/favicon.ico
异常信息:“DTcms.DBUtility.DbHelperSQL”的类型初始值设定项引发异常。 
[2018-03-26 11:10:33.3722] 
客户机IP:::1
错误地址:http://localhost:40610/__browserLink/requestData/70cd2180eabd4ab3ad609a9532133085?version=2
异常信息:“DTcms.DBUtility.DbHelperSQL”的类型初始值设定项引发异常。 
[2018-03-26 11:10:38.6368] 
客户机IP:::1
错误地址:http://localhost:40610/__browserLink/requestData/b53f151a21074bb396446dda33f2cdc5?version=2
异常信息:“DTcms.DBUtility.DbHelperSQL”的类型初始值设定项引发异常。 
[2018-03-26 11:12:46.4171] 
客户机IP:::1
错误地址:http://localhost:40610/admin/manager/role_edit.aspx?action=Add
异常信息:引发类型为“System.Web.HttpUnhandledException”的异常。 
[2018-03-26 11:14:08.9512] 
客户机IP:::1
错误地址:http://localhost:40610/__browserLink/requestData/ccd8f8fc4e9e4da8b72c6c78d1d3c53f?version=2
异常信息:“DTcms.DBUtility.DbHelperSQL”的类型初始值设定项引发异常。 
[2018-03-26 11:14:12.5369] 
客户机IP:::1
错误地址:http://localhost:40610/__browserLink/requestData/7fefd4a9773541a48098141ce2fffd58?version=2
异常信息:“DTcms.DBUtility.DbHelperSQL”的类型初始值设定项引发异常。 
[2018-03-26 11:14:13.5965] 
客户机IP:::1
错误地址:http://localhost:40610/__browserLink/requestData/cf7960045f4848c6a5001911beefe20a?version=2
异常信息:“DTcms.DBUtility.DbHelperSQL”的类型初始值设定项引发异常。 
[2018-03-26 11:14:18.4452] 
客户机IP:::1
错误地址:http://localhost:40610/admin/manager/role_edit.aspx?action=Add
异常信息:引发类型为“System.Web.HttpUnhandledException”的异常。 
[2018-03-26 11:14:54.6285] 
客户机IP:::1
错误地址:http://localhost:40610/
异常信息:“DTcms.DBUtility.DbHelperSQL”的类型初始值设定项引发异常。 
[2018-03-26 11:14:59.8876] 
客户机IP:::1
错误地址:http://localhost:40610/favicon.ico
异常信息:“DTcms.DBUtility.DbHelperSQL”的类型初始值设定项引发异常。 
[2018-03-26 11:15:05.2438] 
客户机IP:::1
错误地址:http://localhost:40610/__browserLink/requestData/f45b1046ff8b472bbd9384a61679608f?version=2
异常信息:“DTcms.DBUtility.DbHelperSQL”的类型初始值设定项引发异常。 
[2018-03-26 11:15:09.7728] 
客户机IP:::1
错误地址:http://localhost:40610/__browserLink/requestData/4b3b752c3ca442fa95625da5b525eeaf?version=2
异常信息:“DTcms.DBUtility.DbHelperSQL”的类型初始值设定项引发异常。 
[2018-03-26 11:15:26.6349] 
客户机IP:::1
错误地址:http://localhost:40610/admin/manager/role_edit.aspx?action=Add
异常信息:引发类型为“System.Web.HttpUnhandledException”的异常。 
[2018-03-26 11:20:05.2184] 
客户机IP:::1
错误地址:http://localhost:40610/__browserLink/requestData/cd16df992ab24bb48fae234c262e65ba?version=2
异常信息:“DTcms.DBUtility.DbHelperSQL”的类型初始值设定项引发异常。 
[2018-03-26 11:20:09.3026] 
客户机IP:::1
错误地址:http://localhost:40610/__browserLink/requestData/2c34d3d6160d407fb05dc39e61a7cc7e?version=2
异常信息:“DTcms.DBUtility.DbHelperSQL”的类型初始值设定项引发异常。 
[2018-03-26 11:20:09.9426] 
客户机IP:::1
错误地址:http://localhost:40610/__browserLink/requestData/b3acccef3f264b199836cb423d93cf26?version=2
异常信息:“DTcms.DBUtility.DbHelperSQL”的类型初始值设定项引发异常。 
[2018-03-26 11:20:16.0560] 
客户机IP:::1
错误地址:http://localhost:40610/admin/manager/role_edit.aspx?action=Add
异常信息:引发类型为“System.Web.HttpUnhandledException”的异常。 
[2018-03-26 11:20:45.5800] 
客户机IP:::1
错误地址:http://localhost:40610/__browserLink/requestData/dda65749d35340fba73974a63385ce54?version=2
异常信息:“DTcms.DBUtility.DbHelperSQL”的类型初始值设定项引发异常。 
[2018-03-26 11:20:48.7431] 
客户机IP:::1
错误地址:http://localhost:40610/__browserLink/requestData/9d2ad339687d417eae237094e56467da?version=2
异常信息:“DTcms.DBUtility.DbHelperSQL”的类型初始值设定项引发异常。 
[2018-03-26 11:20:49.6774] 
客户机IP:::1
错误地址:http://localhost:40610/__browserLink/requestData/bb4b1a45acfa40e7ab9482ad38dfa033?version=2
异常信息:“DTcms.DBUtility.DbHelperSQL”的类型初始值设定项引发异常。 
[2018-03-26 11:20:53.5129] 
客户机IP:::1
错误地址:http://localhost:40610/admin/manager/role_edit.aspx?action=Add
异常信息:引发类型为“System.Web.HttpUnhandledException”的异常。 
[2018-03-26 11:22:18.6716] 
客户机IP:::1
错误地址:http://localhost:40610/
异常信息:“DTcms.DBUtility.DbHelperSQL”的类型初始值设定项引发异常。 
[2018-03-26 11:22:23.2456] 
客户机IP:::1
错误地址:http://localhost:40610/__browserLink/requestData/abb1d9049f684feab811f762490f92b1?version=2
异常信息:“DTcms.DBUtility.DbHelperSQL”的类型初始值设定项引发异常。 
[2018-03-26 11:22:24.0597] 
客户机IP:::1
错误地址:http://localhost:40610/__browserLink/requestData/d1d5e0576ba0402f8c5ae1f772040e5f?version=2
异常信息:“DTcms.DBUtility.DbHelperSQL”的类型初始值设定项引发异常。 
[2018-03-26 11:22:53.6416] 
客户机IP:::1
错误地址:http://localhost:40610/admin/manager/role_edit.aspx?action=Add
异常信息:引发类型为“System.Web.HttpUnhandledException”的异常。 
[2018-03-26 11:22:56.5575] 
客户机IP:::1
错误地址:http://localhost:40610/__browserLink/requestData/6adb99b48cd74b14ae897f23bbcfe1f7?version=2
异常信息:“DTcms.DBUtility.DbHelperSQL”的类型初始值设定项引发异常。 
[2018-03-26 11:23:01.9177] 
客户机IP:::1
错误地址:http://localhost:40610/__browserLink/requestData/bc1926f007994a9da2e2adae2769e5ba?version=2
异常信息:“DTcms.DBUtility.DbHelperSQL”的类型初始值设定项引发异常。 
[2018-03-26 11:25:51.5159] 
客户机IP:::1
错误地址:http://localhost:40610/favicon.ico
异常信息:“DTcms.DBUtility.DbHelperSQL”的类型初始值设定项引发异常。 
[2018-03-26 11:25:51.5159] 
客户机IP:::1
错误地址:http://localhost:40610/__browserLink/requestData/f9b46808607544b8a848dc5ee70756ec?version=2
异常信息:“DTcms.DBUtility.DbHelperSQL”的类型初始值设定项引发异常。 
[2018-03-26 11:25:52.8700] 
客户机IP:::1
错误地址:http://localhost:40610/__browserLink/requestData/3d726f513e03457c8e5a8cf3d8e024a9?version=2
异常信息:“DTcms.DBUtility.DbHelperSQL”的类型初始值设定项引发异常。 
[2018-03-26 11:25:56.2335] 
客户机IP:::1
错误地址:http://localhost:40610/__browserLink/requestData/0b8de07c558d4b36bcee3fd639b9db59?version=2
异常信息:“DTcms.DBUtility.DbHelperSQL”的类型初始值设定项引发异常。 
[2018-03-26 11:25:56.9224] 
客户机IP:::1
错误地址:http://localhost:40610/__browserLink/requestData/c8e84862e6aa4e24b8216d6adaf871c3?version=2
异常信息:“DTcms.DBUtility.DbHelperSQL”的类型初始值设定项引发异常。 
[2018-03-26 11:26:01.4179] 
客户机IP:::1
错误地址:http://localhost:40610/admin/manager/role_edit.aspx?action=Add
异常信息:引发类型为“System.Web.HttpUnhandledException”的异常。 
[2018-03-26 11:26:13.2961] 
客户机IP:::1
错误地址:http://localhost:40610/
异常信息:“DTcms.DBUtility.DbHelperSQL”的类型初始值设定项引发异常。 
[2018-03-26 11:26:16.7747] 
客户机IP:::1
错误地址:http://localhost:40610/favicon.ico
异常信息:“DTcms.DBUtility.DbHelperSQL”的类型初始值设定项引发异常。 
[2018-03-26 11:26:17.8695] 
客户机IP:::1
错误地址:http://localhost:40610/__browserLink/requestData/78136b17683e4efd8eda301a44cda9fb?version=2
异常信息:“DTcms.DBUtility.DbHelperSQL”的类型初始值设定项引发异常。 
[2018-03-26 11:26:23.2940] 
客户机IP:::1
错误地址:http://localhost:40610/__browserLink/requestData/3ada3bbc0016420da0b1d08e2d24de97?version=2
异常信息:“DTcms.DBUtility.DbHelperSQL”的类型初始值设定项引发异常。 
[2018-03-26 11:28:02.6263] 
客户机IP:::1
错误地址:http://localhost:40610/admin/manager/role_edit.aspx?action=Add
异常信息:引发类型为“System.Web.HttpUnhandledException”的异常。 
[2018-03-26 11:28:59.2362] 
客户机IP:::1
错误地址:http://localhost:40610/__browserLink/requestData/2e3c96d52e974cb58e2e2e461390aebc?version=2
异常信息:“DTcms.DBUtility.DbHelperSQL”的类型初始值设定项引发异常。 
[2018-03-26 11:29:02.0295] 
客户机IP:::1
错误地址:http://localhost:40610/__browserLink/requestData/7458a772d5cb4ba3a7513727fed525a7?version=2
异常信息:“DTcms.DBUtility.DbHelperSQL”的类型初始值设定项引发异常。 
[2018-03-26 11:29:03.4273] 
客户机IP:::1
错误地址:http://localhost:40610/__browserLink/requestData/3a0cf873797c441bb31b745bc7096fb1?version=2
异常信息:“DTcms.DBUtility.DbHelperSQL”的类型初始值设定项引发异常。 
[2018-03-26 11:29:06.9616] 
客户机IP:::1
错误地址:http://localhost:40610/admin/manager/role_edit.aspx?action=Add
异常信息:引发类型为“System.Web.HttpUnhandledException”的异常。 
[2018-03-26 11:30:21.8127] 
客户机IP:::1
错误地址:http://localhost:40610/__browserLink/requestData/465c04d78ba14b35ad1fa656b461e7b4?version=2
异常信息:“DTcms.DBUtility.DbHelperSQL”的类型初始值设定项引发异常。 
[2018-03-26 11:30:23.1964] 
客户机IP:::1
错误地址:http://localhost:40610/__browserLink/requestData/4c9282afc381477a98e226c23da161f9?version=2
异常信息:“DTcms.DBUtility.DbHelperSQL”的类型初始值设定项引发异常。 
[2018-03-26 11:30:27.4606] 
客户机IP:::1
错误地址:http://localhost:40610/admin/manager/role_edit.aspx?action=Add
异常信息:引发类型为“System.Web.HttpUnhandledException”的异常。 
[2018-03-26 11:30:44.6733] 
客户机IP:::1
错误地址:http://localhost:40610/
异常信息:“DTcms.DBUtility.DbHelperSQL”的类型初始值设定项引发异常。 
[2018-03-26 11:30:46.4073] 
客户机IP:::1
错误地址:http://localhost:40610/favicon.ico
异常信息:“DTcms.DBUtility.DbHelperSQL”的类型初始值设定项引发异常。 
[2018-03-26 11:30:51.8957] 
客户机IP:::1
错误地址:http://localhost:40610/__browserLink/requestData/df75f2a359d54b648a62c4f8f1ace11b?version=2
异常信息:“DTcms.DBUtility.DbHelperSQL”的类型初始值设定项引发异常。 
[2018-03-26 11:31:30.8282] 
客户机IP:::1
错误地址:http://localhost:40610/favicon.ico
异常信息:“DTcms.DBUtility.DbHelperSQL”的类型初始值设定项引发异常。 
[2018-03-26 11:31:30.8282] 
客户机IP:::1
错误地址:http://localhost:40610/__browserLink/requestData/cb01565900354f35bca7f29e3720a53a?version=2
异常信息:“DTcms.DBUtility.DbHelperSQL”的类型初始值设定项引发异常。 
[2018-03-26 11:31:30.8282] 
客户机IP:::1
错误地址:http://localhost:40610/__browserLink/requestData/a82a71fed6204548be4d041c71d2b43a?version=2
异常信息:“DTcms.DBUtility.DbHelperSQL”的类型初始值设定项引发异常。 
[2018-03-26 11:31:32.1731] 
客户机IP:::1
错误地址:http://localhost:40610/__browserLink/requestData/49ac7c2372a44ccba7b89c998f1c65db?version=2
异常信息:“DTcms.DBUtility.DbHelperSQL”的类型初始值设定项引发异常。 
[2018-03-26 11:31:37.5782] 
客户机IP:::1
错误地址:http://localhost:40610/
异常信息:“DTcms.DBUtility.DbHelperSQL”的类型初始值设定项引发异常。 
[2018-03-26 11:31:42.6329] 
客户机IP:::1
错误地址:http://localhost:40610/__browserLink/requestData/b1092be8a75d45ac8d8c1ce4f9e4b8bd?version=2
异常信息:“DTcms.DBUtility.DbHelperSQL”的类型初始值设定项引发异常。 
[2018-03-26 11:31:46.7113] 
客户机IP:::1
错误地址:http://localhost:40610/__browserLink/requestData/79b5e337f2454afeaef48d6e85e4bef0?version=2
异常信息:“DTcms.DBUtility.DbHelperSQL”的类型初始值设定项引发异常。 
[2018-03-26 11:34:25.2424] 
客户机IP:::1
错误地址:http://localhost:40610/__browserLink/requestData/1ea5dea8a36941c29734714a82047bf1?version=2
异常信息:“DTcms.DBUtility.DbHelperSQL”的类型初始值设定项引发异常。 
[2018-03-26 11:34:40.0308] 
客户机IP:::1
错误地址:http://localhost:40610/__browserLink/requestData/f228d421aa51478cb01320ce971b7581?version=2
异常信息:“DTcms.DBUtility.DbHelperSQL”的类型初始值设定项引发异常。 
[2018-03-26 11:34:41.2704] 
客户机IP:::1
错误地址:http://localhost:40610/__browserLink/requestData/21422925b5f14243befdb88dcfab3d80?version=2
异常信息:“DTcms.DBUtility.DbHelperSQL”的类型初始值设定项引发异常。 
[2018-03-26 11:34:42.6100] 
客户机IP:::1
错误地址:http://localhost:40610/__browserLink/requestData/f228d421aa51478cb01320ce971b7581?version=2
异常信息:“DTcms.DBUtility.DbHelperSQL”的类型初始值设定项引发异常。 
[2018-03-26 11:34:43.3427] 
客户机IP:::1
错误地址:http://localhost:40610/__browserLink/requestData/7f33cb5676c54ce192fcf32bb8528a0c?version=2
异常信息:“DTcms.DBUtility.DbHelperSQL”的类型初始值设定项引发异常。 
[2018-03-26 11:34:52.9159] 
客户机IP:::1
错误地址:http://localhost:40610/__browserLink/requestData/d2fca263c0d040a1afaec8883627a409?version=2
异常信息:“DTcms.DBUtility.DbHelperSQL”的类型初始值设定项引发异常。 
[2018-03-26 11:34:54.2204] 
客户机IP:::1
错误地址:http://localhost:40610/__browserLink/requestData/8a9802a29b9048128505a6fd4c8b6aab?version=2
异常信息:“DTcms.DBUtility.DbHelperSQL”的类型初始值设定项引发异常。 
[2018-03-26 11:35:01.2661] 
客户机IP:::1
错误地址:http://localhost:40610/__browserLink/requestData/d2fca263c0d040a1afaec8883627a409?version=2
异常信息:“DTcms.DBUtility.DbHelperSQL”的类型初始值设定项引发异常。 
[2018-03-26 11:35:04.4312] 
客户机IP:::1
错误地址:http://localhost:40610/__browserLink/requestData/6921f595b1734757a34efd486c1088e3?version=2
异常信息:“DTcms.DBUtility.DbHelperSQL”的类型初始值设定项引发异常。 
[2018-03-26 11:36:17.4426] 
客户机IP:::1
错误地址:http://localhost:40610/__browserLink/requestData/dd4288521ff2401287eda3ba973a3e79?version=2
异常信息:“DTcms.DBUtility.DbHelperSQL”的类型初始值设定项引发异常。 
[2018-03-26 11:36:17.8974] 
客户机IP:::1
错误地址:http://localhost:40610/admin/settings/nav_edit.aspx?action=Add
异常信息:引发类型为“System.Web.HttpUnhandledException”的异常。 
[2018-03-26 11:36:22.9454] 
客户机IP:::1
错误地址:http://localhost:40610/admin/settings/builder_html.aspx
异常信息:引发类型为“System.Web.HttpUnhandledException”的异常。 
[2018-03-26 11:36:23.4600] 
客户机IP:::1
错误地址:http://localhost:40610/__browserLink/requestData/63ad602ee83e4c7298ab8585ff0156b5?version=2
异常信息:“DTcms.DBUtility.DbHelperSQL”的类型初始值设定项引发异常。 
[2018-03-26 11:36:25.9014] 
客户机IP:::1
错误地址:http://localhost:40610/admin/settings/nav_edit.aspx?action=Add
异常信息:引发类型为“System.Web.HttpUnhandledException”的异常。 
[2018-03-26 11:36:27.1395] 
客户机IP:::1
错误地址:http://localhost:40610/__browserLink/requestData/108bd593f1224b4386e1e08a90f5b9f4?version=2
异常信息:“DTcms.DBUtility.DbHelperSQL”的类型初始值设定项引发异常。 
[2018-03-26 11:36:32.7980] 
客户机IP:::1
错误地址:http://localhost:40610/
异常信息:“DTcms.DBUtility.DbHelperSQL”的类型初始值设定项引发异常。 
[2018-03-26 11:37:26.2645] 
客户机IP:::1
错误地址:http://localhost:40610/admin/settings/nav_edit.aspx?action=Add
异常信息:引发类型为“System.Web.HttpUnhandledException”的异常。 
[2018-03-26 11:41:46.4693] 
客户机IP:::1
错误地址:http://localhost:40610/
异常信息:“DTcms.DBUtility.DbHelperSQL”的类型初始值设定项引发异常。 
[2018-03-26 11:41:51.1746] 
客户机IP:::1
错误地址:http://localhost:40610/__browserLink/requestData/02588fa6f62c462a8668966df2542e5d?version=2
异常信息:“DTcms.DBUtility.DbHelperSQL”的类型初始值设定项引发异常。 
[2018-03-26 11:42:22.9514] 
客户机IP:::1
错误地址:http://localhost:40610/admin/settings/nav_edit.aspx?action=Add
异常信息:引发类型为“System.Web.HttpUnhandledException”的异常。 
[2018-03-26 11:43:00.1875] 
客户机IP:::1
错误地址:http://localhost:40610/__browserLink/requestData/a29aa481cb504a909cd4536e7aef1371?version=2
异常信息:“DTcms.DBUtility.DbHelperSQL”的类型初始值设定项引发异常。 
[2018-03-26 11:43:01.2977] 
客户机IP:::1
错误地址:http://localhost:40610/admin/settings/nav_edit.aspx?action=Add
异常信息:引发类型为“System.Web.HttpUnhandledException”的异常。 
[2018-03-26 11:43:16.5341] 
客户机IP:::1
错误地址:http://localhost:40610/favicon.ico
异常信息:“DTcms.DBUtility.DbHelperSQL”的类型初始值设定项引发异常。 
[2018-03-26 11:43:16.5341] 
客户机IP:::1
错误地址:http://localhost:40610/__browserLink/requestData/3b7e21ea83c541608f2c084e1bcd236a?version=2
异常信息:“DTcms.DBUtility.DbHelperSQL”的类型初始值设定项引发异常。 
[2018-03-26 11:43:21.3992] 
客户机IP:::1
错误地址:http://localhost:40610/__browserLink/requestData/5e92b6fd4f784984a461ec56bc711236?version=2
异常信息:“DTcms.DBUtility.DbHelperSQL”的类型初始值设定项引发异常。 
[2018-03-26 11:44:01.3125] 
客户机IP:::1
错误地址:http://localhost:40610/admin/settings/nav_edit.aspx?action=Add
异常信息:引发类型为“System.Web.HttpUnhandledException”的异常。 
[2018-03-26 11:44:05.6002] 
客户机IP:::1
错误地址:http://localhost:40610/__browserLink/requestData/9ba8b8b0a6854fce8fcc6a3443875d7c?version=2
异常信息:“DTcms.DBUtility.DbHelperSQL”的类型初始值设定项引发异常。 
[2018-03-26 11:44:30.9932] 
客户机IP:::1
错误地址:http://localhost:40610/admin/settings/nav_edit.aspx?action=Add
异常信息:引发类型为“System.Web.HttpUnhandledException”的异常。 
[2018-03-26 11:45:36.6729] 
客户机IP:::1
错误地址:http://localhost:40610/__browserLink/requestData/c4a70756eb2c4ec6887470ff0064b273?version=2
异常信息:“DTcms.DBUtility.DbHelperSQL”的类型初始值设定项引发异常。 
[2018-03-26 11:45:37.5539] 
客户机IP:::1
错误地址:http://localhost:40610/__browserLink/requestData/1eef7a5ea8ac40efa549c494bf786c3d?version=2
异常信息:“DTcms.DBUtility.DbHelperSQL”的类型初始值设定项引发异常。 
[2018-03-26 11:45:45.0661] 
客户机IP:::1
错误地址:http://localhost:40610/__browserLink/requestData/2aef3b9b35c24556b994e935517daf70?version=2
异常信息:“DTcms.DBUtility.DbHelperSQL”的类型初始值设定项引发异常。 
[2018-03-26 11:45:46.4830] 
客户机IP:::1
错误地址:http://localhost:40610/admin/settings/nav_edit.aspx?action=Edit&id=1
异常信息:引发类型为“System.Web.HttpUnhandledException”的异常。 
[2018-03-26 11:45:48.5129] 
客户机IP:::1
错误地址:http://localhost:40610/__browserLink/requestData/8f070499d221431597c84658f5f2acf3?version=2
异常信息:“DTcms.DBUtility.DbHelperSQL”的类型初始值设定项引发异常。 
[2018-03-26 11:45:49.3763] 
客户机IP:::1
错误地址:http://localhost:40610/admin/settings/nav_edit.aspx?action=Edit&id=1
异常信息:引发类型为“System.Web.HttpUnhandledException”的异常。 
[2018-03-26 11:46:08.1865] 
客户机IP:::1
错误地址:http://localhost:40610/__browserLink/requestData/a4d76a3f4ef940b48b7ea0df1b45621d?version=2
异常信息:“DTcms.DBUtility.DbHelperSQL”的类型初始值设定项引发异常。 
[2018-03-26 11:47:04.3357] 
客户机IP:::1
错误地址:http://localhost:40610/admin/settings/nav_edit.aspx?action=Edit&id=1
异常信息:引发类型为“System.Web.HttpUnhandledException”的异常。 
[2018-03-26 11:48:13.1554] 
客户机IP:::1
错误地址:http://localhost:40610/__browserLink/requestData/7129a53b8abe4ea8949416acc5d89745?version=2
异常信息:“DTcms.DBUtility.DbHelperSQL”的类型初始值设定项引发异常。 
[2018-03-26 11:48:19.7851] 
客户机IP:::1
错误地址:http://localhost:40610/__browserLink/requestData/8f1a48b307b24c2785cc9c6abe3c95df?version=2
异常信息:“DTcms.DBUtility.DbHelperSQL”的类型初始值设定项引发异常。 
[2018-03-26 11:48:21.2642] 
客户机IP:::1
错误地址:http://localhost:40610/__browserLink/requestData/7129a53b8abe4ea8949416acc5d89745?version=2
异常信息:“DTcms.DBUtility.DbHelperSQL”的类型初始值设定项引发异常。 
[2018-03-26 11:48:23.1548] 
客户机IP:::1
错误地址:http://localhost:40610/__browserLink/requestData/3bbe0d4fa7de4032897ec257432a6401?version=2
异常信息:“DTcms.DBUtility.DbHelperSQL”的类型初始值设定项引发异常。 
[2018-03-26 11:48:26.1850] 
客户机IP:::1
错误地址:http://localhost:40610/__browserLink/requestData/0254dc68752f4504b5e2cffb21f28e41?version=2
异常信息:“DTcms.DBUtility.DbHelperSQL”的类型初始值设定项引发异常。 
[2018-03-26 11:48:32.9346] 
客户机IP:::1
错误地址:http://localhost:40610/__browserLink/requestData/d0457f70ace945dda41d886b52526f8a?version=2
异常信息:“DTcms.DBUtility.DbHelperSQL”的类型初始值设定项引发异常。 
[2018-03-26 11:48:37.0732] 
客户机IP:::1
错误地址:http://localhost:40610/tools/admin_ajax.ashx?action=navigation_validate
异常信息:“DTcms.DBUtility.DbHelperSQL”的类型初始值设定项引发异常。 
[2018-03-26 11:48:48.3715] 
客户机IP:::1
错误地址:http://localhost:40610/tools/admin_ajax.ashx?action=navigation_validate
异常信息:“DTcms.DBUtility.DbHelperSQL”的类型初始值设定项引发异常。 
[2018-03-26 11:49:02.0029] 
客户机IP:::1
错误地址:http://localhost:40610/
异常信息:“DTcms.DBUtility.DbHelperSQL”的类型初始值设定项引发异常。 
[2018-03-26 11:49:11.3524] 
客户机IP:::1
错误地址:http://localhost:40610/favicon.ico
异常信息:“DTcms.DBUtility.DbHelperSQL”的类型初始值设定项引发异常。 
[2018-03-26 11:49:12.1128] 
客户机IP:::1
错误地址:http://localhost:40610/__browserLink/requestData/95704b637c564b41aa6b7a2dc5231bf9?version=2
异常信息:“DTcms.DBUtility.DbHelperSQL”的类型初始值设定项引发异常。 
[2018-03-26 11:49:12.7415] 
客户机IP:::1
错误地址:http://localhost:40610/__browserLink/requestData/ed7ba82499784fde9cef80d984e27c9c?version=2
异常信息:“DTcms.DBUtility.DbHelperSQL”的类型初始值设定项引发异常。 
[2018-03-26 11:49:17.8329] 
客户机IP:::1
错误地址:http://localhost:40610/__browserLink/requestData/ed23cc2f31cb4be8b6b60913411c6dd6?version=2
异常信息:“DTcms.DBUtility.DbHelperSQL”的类型初始值设定项引发异常。 
[2018-03-26 11:49:48.6084] 
客户机IP:::1
错误地址:http://localhost:40610/tools/admin_ajax.ashx?action=navigation_validate
异常信息:“DTcms.DBUtility.DbHelperSQL”的类型初始值设定项引发异常。 
[2018-03-26 11:49:49.5756] 
客户机IP:::1
错误地址:http://localhost:40610/__browserLink/requestData/2ba2c6f34dae4fb18b0b574461af3429?version=2
异常信息:“DTcms.DBUtility.DbHelperSQL”的类型初始值设定项引发异常。 
[2018-03-26 11:50:13.0085] 
客户机IP:::1
错误地址:http://localhost:40610/__browserLink/requestData/7cffa48745fa41a796ec1ee8451891cc?version=2
异常信息:“DTcms.DBUtility.DbHelperSQL”的类型初始值设定项引发异常。 
[2018-03-26 11:50:13.0085] 
客户机IP:::1
错误地址:http://localhost:40610/tools/admin_ajax.ashx?action=navigation_validate
异常信息:“DTcms.DBUtility.DbHelperSQL”的类型初始值设定项引发异常。 
[2018-03-26 11:51:05.8433] 
客户机IP:::1
错误地址:http://localhost:40610/__browserLink/requestData/a73a15123a24463f903449a3953e7975?version=2
异常信息:“DTcms.DBUtility.DbHelperSQL”的类型初始值设定项引发异常。 
[2018-03-26 11:51:06.9404] 
客户机IP:::1
错误地址:http://localhost:40610/__browserLink/requestData/777ad9728b564d28a7f904d24ab51ef6?version=2
异常信息:“DTcms.DBUtility.DbHelperSQL”的类型初始值设定项引发异常。 
[2018-03-26 11:51:41.3390] 
客户机IP:::1
错误地址:http://localhost:40610/__browserLink/requestData/22c7d0c55dfb470d9da328ae32b25d63?version=2
异常信息:“DTcms.DBUtility.DbHelperSQL”的类型初始值设定项引发异常。 
[2018-03-26 11:51:58.3175] 
客户机IP:::1
错误地址:http://localhost:40610/
异常信息:“DTcms.DBUtility.DbHelperSQL”的类型初始值设定项引发异常。 
[2018-03-26 11:52:00.5211] 
客户机IP:::1
错误地址:http://localhost:40610/favicon.ico
异常信息:“DTcms.DBUtility.DbHelperSQL”的类型初始值设定项引发异常。 
[2018-03-26 11:52:38.2505] 
客户机IP:::1
错误地址:http://localhost:40610/
异常信息:“DTcms.DBUtility.DbHelperSQL”的类型初始值设定项引发异常。 
[2018-03-26 11:52:40.2713] 
客户机IP:::1
错误地址:http://localhost:40610/favicon.ico
异常信息:“DTcms.DBUtility.DbHelperSQL”的类型初始值设定项引发异常。 
[2018-03-26 11:53:35.5480] 
客户机IP:::1
错误地址:http://localhost:40610/index.aspx
异常信息:“DTcms.DBUtility.DbHelperSQL”的类型初始值设定项引发异常。 
[2018-03-26 11:53:39.0922] 
客户机IP:::1
错误地址:http://localhost:40610/__browserLink/requestData/6a04435bf6e64b0381f98f58f8359f36?version=2
异常信息:“DTcms.DBUtility.DbHelperSQL”的类型初始值设定项引发异常。 
[2018-03-26 11:53:41.4545] 
客户机IP:::1
错误地址:http://localhost:40610/__browserLink/requestData/c0a5f6bcb41d4ef7b670e164b70f816b?version=2
异常信息:“DTcms.DBUtility.DbHelperSQL”的类型初始值设定项引发异常。 
[2018-03-26 11:53:55.9460] 
客户机IP:::1
错误地址:http://localhost:40610/__browserLink/requestData/fc3f887f04f74933a29b5c661746cab1?version=2
异常信息:“DTcms.DBUtility.DbHelperSQL”的类型初始值设定项引发异常。 
[2018-03-26 12:00:57.0732] 
客户机IP:::1
错误地址:http://localhost:40610/__browserLink/requestData/98fd0e1e43df45b9a09556f2402851c0?version=2
异常信息:“DTcms.DBUtility.DbHelperSQL”的类型初始值设定项引发异常。 
[2018-03-26 12:01:00.0981] 
客户机IP:::1
错误地址:http://localhost:40610/__browserLink/requestData/c17747ba3cbe49abb13834e1fad59f60?version=2
异常信息:“DTcms.DBUtility.DbHelperSQL”的类型初始值设定项引发异常。 
[2018-03-26 12:02:55.4981] 
客户机IP:::1
错误地址:http://localhost:40610/__browserLink/requestData/f82028f78fdc4c89a12b4887f0951604?version=2
异常信息:“DTcms.DBUtility.DbHelperSQL”的类型初始值设定项引发异常。 
[2018-03-26 12:02:56.3152] 
客户机IP:::1
错误地址:http://localhost:40610/__browserLink/requestData/5361fb5cdba44081ac6f2a08dcac8ab9?version=2
异常信息:“DTcms.DBUtility.DbHelperSQL”的类型初始值设定项引发异常。 
[2018-03-26 12:02:56.8599] 
客户机IP:::1
错误地址:http://localhost:40610/__browserLink/requestData/5c0fdd5cf943437aa948e3b23acb462e?version=2
异常信息:“DTcms.DBUtility.DbHelperSQL”的类型初始值设定项引发异常。 
[2018-03-26 12:03:20.8198] 
客户机IP:::1
错误地址:http://localhost:40610/__browserLink/requestData/dc092445d53f45f29eec5038408c1e97?version=2
异常信息:“DTcms.DBUtility.DbHelperSQL”的类型初始值设定项引发异常。 
[2018-03-26 12:03:22.1238] 
客户机IP:::1
错误地址:http://localhost:40610/__browserLink/requestData/93018f47431448c0bfc1e0034c4690bd?version=2
异常信息:“DTcms.DBUtility.DbHelperSQL”的类型初始值设定项引发异常。 
[2018-03-26 12:03:31.7930] 
客户机IP:::1
错误地址:http://localhost:40610/favicon.ico
异常信息:“DTcms.DBUtility.DbHelperSQL”的类型初始值设定项引发异常。 
[2018-03-26 12:03:31.8211] 
客户机IP:::1
错误地址:http://localhost:40610/__browserLink/requestData/d1ee9088c31d4f248f41b92d452e0b88?version=2
异常信息:“DTcms.DBUtility.DbHelperSQL”的类型初始值设定项引发异常。 
[2018-03-26 12:03:31.8402] 
客户机IP:::1
错误地址:http://localhost:40610/__browserLink/requestData/1c6f6b6b0e714684902169d8947bd6f1?version=2
异常信息:“DTcms.DBUtility.DbHelperSQL”的类型初始值设定项引发异常。 
