[2018-05-02 16:08:30.5174] 
客户机IP:::1
错误地址:http://localhost:40610/__browserLink/requestData/b005a34ac791440dae67f3aab01c8b73?version=2
异常信息:“DTcms.DBUtility.DbHelperSQL”的类型初始值设定项引发异常。 
[2018-05-02 16:08:34.4266] 
客户机IP:::1
错误地址:http://localhost:40610/__browserLink/requestData/746d3d2dbccc44c99e36dc88012c2d11?version=2
异常信息:“DTcms.DBUtility.DbHelperSQL”的类型初始值设定项引发异常。 
[2018-05-02 16:08:34.4516] 
客户机IP:::1
错误地址:http://localhost:40610/__browserLink/requestData/533e8bd4685d463f93367a7d49c93c37?version=2
异常信息:“DTcms.DBUtility.DbHelperSQL”的类型初始值设定项引发异常。 
[2018-05-02 16:08:37.3777] 
客户机IP:::1
错误地址:http://localhost:40610/__browserLink/requestData/76e26c5e3e7d490b8b6ef757a55203b9?version=2
异常信息:“DTcms.DBUtility.DbHelperSQL”的类型初始值设定项引发异常。 
[2018-05-02 16:08:52.9852] 
客户机IP:::1
错误地址:http://localhost:40610/
异常信息:“DTcms.DBUtility.DbHelperSQL”的类型初始值设定项引发异常。 
[2018-05-02 16:08:54.9987] 
客户机IP:::1
错误地址:http://localhost:40610/__browserLink/requestData/70bfaff6992b4d60b7efbc8fdd7f8e02?version=2
异常信息:“DTcms.DBUtility.DbHelperSQL”的类型初始值设定项引发异常。 
[2018-05-02 16:08:55.7002] 
客户机IP:::1
错误地址:http://localhost:40610/__browserLink/requestData/af820a2771594f69b65cfa540c06e263?version=2
异常信息:“DTcms.DBUtility.DbHelperSQL”的类型初始值设定项引发异常。 
[2018-05-02 16:10:17.9670] 
客户机IP:::1
错误地址:http://localhost:40610/__browserLink/requestData/db43072c34a244d69a150c0872b93089?version=2
异常信息:“DTcms.DBUtility.DbHelperSQL”的类型初始值设定项引发异常。 
[2018-05-02 16:10:19.4239] 
客户机IP:::1
错误地址:http://localhost:40610/__browserLink/requestData/404ffea8cd7c488da6a72205d27429fd?version=2
异常信息:“DTcms.DBUtility.DbHelperSQL”的类型初始值设定项引发异常。 
[2018-05-02 16:10:24.2377] 
客户机IP:::1
错误地址:http://localhost:40610/__browserLink/requestData/7b3a2be4ae0145b9a294c269d7e8cced?version=2
异常信息:“DTcms.DBUtility.DbHelperSQL”的类型初始值设定项引发异常。 
[2018-05-02 16:10:25.1226] 
客户机IP:::1
错误地址:http://localhost:40610/__browserLink/requestData/9151a9dec90a46ce880ab7b750255232?version=2
异常信息:“DTcms.DBUtility.DbHelperSQL”的类型初始值设定项引发异常。 
[2018-05-02 16:11:57.3723] 
客户机IP:::1
错误地址:http://localhost:40610/favicon.ico
异常信息:“DTcms.DBUtility.DbHelperSQL”的类型初始值设定项引发异常。 
[2018-05-02 16:12:03.1443] 
客户机IP:::1
错误地址:http://localhost:40610/favicon.ico
异常信息:“DTcms.DBUtility.DbHelperSQL”的类型初始值设定项引发异常。 
[2018-05-02 16:12:04.7053] 
客户机IP:::1
错误地址:http://localhost:40610/__browserLink/requestData/c9cbb918395449349541a5deb060311c?version=2
异常信息:“DTcms.DBUtility.DbHelperSQL”的类型初始值设定项引发异常。 
[2018-05-02 16:12:05.5512] 
客户机IP:::1
错误地址:http://localhost:40610/__browserLink/requestData/2f65e7a2d3844036aef454057d830c7b?version=2
异常信息:“DTcms.DBUtility.DbHelperSQL”的类型初始值设定项引发异常。 
[2018-05-02 16:12:09.2994] 
客户机IP:::1
错误地址:http://localhost:40610/favicon.ico
异常信息:“DTcms.DBUtility.DbHelperSQL”的类型初始值设定项引发异常。 
[2018-05-02 16:12:10.0786] 
客户机IP:::1
错误地址:http://localhost:40610/__browserLink/requestData/850d7b0618ab45828346bca116b77d20?version=2
异常信息:“DTcms.DBUtility.DbHelperSQL”的类型初始值设定项引发异常。 
[2018-05-02 16:12:10.7743] 
客户机IP:::1
错误地址:http://localhost:40610/__browserLink/requestData/7efb896e65aa4ed7a30e955da4ae6f83?version=2
异常信息:“DTcms.DBUtility.DbHelperSQL”的类型初始值设定项引发异常。 
[2018-05-02 16:13:15.6421] 
客户机IP:::1
错误地址:http://localhost:40610/admin/order/order_list.aspx
异常信息:文件“/admin/order/order_list.aspx”不存在。 
[2018-05-02 16:13:17.0425] 
客户机IP:::1
错误地址:http://localhost:40610/admin/order/order_confirm.aspx
异常信息:文件“/admin/order/order_confirm.aspx”不存在。 
[2018-05-02 16:13:17.6995] 
客户机IP:::1
错误地址:http://localhost:40610/admin/order/order_list.aspx
异常信息:文件“/admin/order/order_list.aspx”不存在。 
[2018-05-02 16:13:21.9866] 
客户机IP:::1
错误地址:http://localhost:40610/__browserLink/requestData/d9deeef637004287a56d4da54a55a278?version=2
异常信息:“DTcms.DBUtility.DbHelperSQL”的类型初始值设定项引发异常。 
[2018-05-02 16:13:30.4909] 
客户机IP:::1
错误地址:http://localhost:40610/__browserLink/requestData/51e1e1ed60bc45139916d65402ef645f?version=2
异常信息:“DTcms.DBUtility.DbHelperSQL”的类型初始值设定项引发异常。 
[2018-05-02 16:13:36.6619] 
客户机IP:::1
错误地址:http://localhost:40610/__browserLink/requestData/20b4c552a7d04d0b9a7aed86082c3189?version=2
异常信息:“DTcms.DBUtility.DbHelperSQL”的类型初始值设定项引发异常。 
[2018-05-02 16:13:40.8513] 
客户机IP:::1
错误地址:http://localhost:40610/__browserLink/requestData/51e1e1ed60bc45139916d65402ef645f?version=2
异常信息:“DTcms.DBUtility.DbHelperSQL”的类型初始值设定项引发异常。 
[2018-05-02 16:13:47.1067] 
客户机IP:::1
错误地址:http://localhost:40610/__browserLink/requestData/f2049502fd35484ea4cc4e3916f02a50?version=2
异常信息:“DTcms.DBUtility.DbHelperSQL”的类型初始值设定项引发异常。 
[2018-05-02 16:13:48.0595] 
客户机IP:::1
错误地址:http://localhost:40610/__browserLink/requestData/51e1e1ed60bc45139916d65402ef645f?version=2
异常信息:“DTcms.DBUtility.DbHelperSQL”的类型初始值设定项引发异常。 
[2018-05-02 16:13:50.0667] 
客户机IP:::1
错误地址:http://localhost:40610/__browserLink/requestData/0598f2ab240f430085986d8f87090527?version=2
异常信息:“DTcms.DBUtility.DbHelperSQL”的类型初始值设定项引发异常。 
[2018-05-02 16:13:55.2844] 
客户机IP:::1
错误地址:http://localhost:40610/__browserLink/requestData/51e1e1ed60bc45139916d65402ef645f?version=2
异常信息:“DTcms.DBUtility.DbHelperSQL”的类型初始值设定项引发异常。 
[2018-05-02 16:14:11.6310] 
客户机IP:::1
错误地址:http://localhost:40610/__browserLink/requestData/991e1e57af88467196147a96760b4dff?version=2
异常信息:“DTcms.DBUtility.DbHelperSQL”的类型初始值设定项引发异常。 
[2018-05-02 16:14:26.3607] 
客户机IP:::1
错误地址:http://localhost:40610/favicon.ico
异常信息:“DTcms.DBUtility.DbHelperSQL”的类型初始值设定项引发异常。 
[2018-05-02 16:14:26.3607] 
客户机IP:::1
错误地址:http://localhost:40610/__browserLink/requestData/b533a2aed768460cb3deda8f749b1f70?version=2
异常信息:“DTcms.DBUtility.DbHelperSQL”的类型初始值设定项引发异常。 
[2018-05-02 16:14:33.0165] 
客户机IP:::1
错误地址:http://localhost:40610/admin/lucene/builder_index.aspx
异常信息:引发类型为“System.Web.HttpUnhandledException”的异常。 
[2018-05-02 16:14:33.2537] 
客户机IP:::1
错误地址:http://localhost:40610/favicon.ico
异常信息:“DTcms.DBUtility.DbHelperSQL”的类型初始值设定项引发异常。 
[2018-05-02 16:14:41.6782] 
客户机IP:::1
错误地址:http://localhost:40610/__browserLink/requestData/7c221d0a346d4c02928773fdb2924b03?version=2
异常信息:“DTcms.DBUtility.DbHelperSQL”的类型初始值设定项引发异常。 
[2018-05-02 16:14:42.2020] 
客户机IP:::1
错误地址:http://localhost:40610/admin/lucene/builder_index.aspx
异常信息:引发类型为“System.Web.HttpUnhandledException”的异常。 
[2018-05-02 16:14:43.3595] 
客户机IP:::1
错误地址:http://localhost:40610/__browserLink/requestData/fe9888e640964949b40f62a34479a64f?version=2
异常信息:“DTcms.DBUtility.DbHelperSQL”的类型初始值设定项引发异常。 
[2018-05-02 16:14:57.3643] 
客户机IP:::1
错误地址:http://localhost:40610/__browserLink/requestData/1791cd6c27b74b7d9f535364c9206908?version=2
异常信息:“DTcms.DBUtility.DbHelperSQL”的类型初始值设定项引发异常。 
[2018-05-02 16:15:09.7458] 
客户机IP:::1
错误地址:http://localhost:40610/__browserLink/requestData/26053fa8d72d45c9a9d5c7e68c8f2063?version=2
异常信息:“DTcms.DBUtility.DbHelperSQL”的类型初始值设定项引发异常。 
[2018-05-02 16:15:11.2510] 
客户机IP:::1
错误地址:http://localhost:40610/__browserLink/requestData/38c4605165244de5bb458adfbdee77d7?version=2
异常信息:“DTcms.DBUtility.DbHelperSQL”的类型初始值设定项引发异常。 
[2018-05-02 16:15:13.0126] 
客户机IP:::1
错误地址:http://localhost:40610/__browserLink/requestData/26053fa8d72d45c9a9d5c7e68c8f2063?version=2
异常信息:“DTcms.DBUtility.DbHelperSQL”的类型初始值设定项引发异常。 
[2018-05-02 16:15:13.8345] 
客户机IP:::1
错误地址:http://localhost:40610/__browserLink/requestData/7821cc4a24004981957700068239d407?version=2
异常信息:“DTcms.DBUtility.DbHelperSQL”的类型初始值设定项引发异常。 
[2018-05-02 16:15:15.4363] 
客户机IP:::1
错误地址:http://localhost:40610/__browserLink/requestData/21125078c7434f569900260c897142f8?version=2
异常信息:“DTcms.DBUtility.DbHelperSQL”的类型初始值设定项引发异常。 
[2018-05-02 16:15:18.1464] 
客户机IP:::1
错误地址:http://localhost:40610/__browserLink/requestData/db26a234838848e5973727faf64e2d17?version=2
异常信息:“DTcms.DBUtility.DbHelperSQL”的类型初始值设定项引发异常。 
[2018-05-02 16:16:40.1944] 
客户机IP:::1
错误地址:http://localhost:40610/__browserLink/requestData/cfcab13ca9254cbe95f9be439c8692ec?version=2
异常信息:“DTcms.DBUtility.DbHelperSQL”的类型初始值设定项引发异常。 
[2018-05-02 16:16:41.4093] 
客户机IP:::1
错误地址:http://localhost:40610/__browserLink/requestData/8b4704cd443d4593b69661f29a7d12f5?version=2
异常信息:“DTcms.DBUtility.DbHelperSQL”的类型初始值设定项引发异常。 
[2018-05-02 16:16:44.2083] 
客户机IP:::1
错误地址:http://localhost:40610/__browserLink/requestData/fe6a49805bfc4664ae58f6b4e782a261?version=2
异常信息:“DTcms.DBUtility.DbHelperSQL”的类型初始值设定项引发异常。 
[2018-05-02 16:16:45.5759] 
客户机IP:::1
错误地址:http://localhost:40610/__browserLink/requestData/c1eb5cb841ed4a93ba54011495240756?version=2
异常信息:“DTcms.DBUtility.DbHelperSQL”的类型初始值设定项引发异常。 
[2018-05-02 16:16:47.9764] 
客户机IP:::1
错误地址:http://localhost:40610/__browserLink/requestData/a513b495f06b4dbcadb162e3716e2e19?version=2
异常信息:“DTcms.DBUtility.DbHelperSQL”的类型初始值设定项引发异常。 
[2018-05-02 16:16:57.1565] 
客户机IP:::1
错误地址:http://localhost:40610/__browserLink/requestData/f238d74e1ae646fe9063caa24df89035?version=2
异常信息:“DTcms.DBUtility.DbHelperSQL”的类型初始值设定项引发异常。 
[2018-05-02 16:16:58.4231] 
客户机IP:::1
错误地址:http://localhost:40610/__browserLink/requestData/5cd05eb368164cb3bca073357d0655f1?version=2
异常信息:“DTcms.DBUtility.DbHelperSQL”的类型初始值设定项引发异常。 
[2018-05-02 16:17:01.0192] 
客户机IP:::1
错误地址:http://localhost:40610/__browserLink/requestData/8c9ed7aca74e48d3a61be3114f24f4d7?version=2
异常信息:“DTcms.DBUtility.DbHelperSQL”的类型初始值设定项引发异常。 
[2018-05-02 16:18:09.0318] 
客户机IP:::1
错误地址:http://localhost:40610/__browserLink/requestData/5ae2932c445b4bddaf393172d6a5ec34?version=2
异常信息:“DTcms.DBUtility.DbHelperSQL”的类型初始值设定项引发异常。 
[2018-05-02 16:18:11.5921] 
客户机IP:::1
错误地址:http://localhost:40610/__browserLink/requestData/2dde9700ec614b3db012670e3e142777?version=2
异常信息:“DTcms.DBUtility.DbHelperSQL”的类型初始值设定项引发异常。 
[2018-05-02 16:18:13.0876] 
客户机IP:::1
错误地址:http://localhost:40610/__browserLink/requestData/88e2254f9cf34ec4855e5bf2cbbec699?version=2
异常信息:“DTcms.DBUtility.DbHelperSQL”的类型初始值设定项引发异常。 
[2018-05-02 16:18:17.8939] 
客户机IP:::1
错误地址:http://localhost:40610/__browserLink/requestData/e771bebf7b5b4effb6dd76ad6f199ac7?version=2
异常信息:“DTcms.DBUtility.DbHelperSQL”的类型初始值设定项引发异常。 
[2018-05-02 16:21:37.7819] 
客户机IP:::1
错误地址:http://localhost:40610/favicon.ico
异常信息:“DTcms.DBUtility.DbHelperSQL”的类型初始值设定项引发异常。 
[2018-05-02 16:21:37.7969] 
客户机IP:::1
错误地址:http://localhost:40610/__browserLink/requestData/14e6ae0bd62c4fbbb97423fdaefd63d6?version=2
异常信息:“DTcms.DBUtility.DbHelperSQL”的类型初始值设定项引发异常。 
[2018-05-02 16:21:37.8130] 
客户机IP:::1
错误地址:http://localhost:40610/__browserLink/requestData/767199e3905b4cf3910b2535df029251?version=2
异常信息:“DTcms.DBUtility.DbHelperSQL”的类型初始值设定项引发异常。 
[2018-05-02 16:23:44.5974] 
客户机IP:::1
错误地址:http://localhost:40610/favicon.ico
异常信息:“DTcms.DBUtility.DbHelperSQL”的类型初始值设定项引发异常。 
[2018-05-02 16:23:44.5974] 
客户机IP:::1
错误地址:http://localhost:40610/__browserLink/requestData/d22901ce315f45759d22e4884d289e17?version=2
异常信息:“DTcms.DBUtility.DbHelperSQL”的类型初始值设定项引发异常。 
[2018-05-02 16:23:44.6190] 
客户机IP:::1
错误地址:http://localhost:40610/__browserLink/requestData/94c7403fe19b409b80884742b7b1108f?version=2
异常信息:“DTcms.DBUtility.DbHelperSQL”的类型初始值设定项引发异常。 
[2018-05-02 16:23:45.6324] 
客户机IP:::1
错误地址:http://localhost:40610/__browserLink/requestData/242c52aab1d9499e8ed528f6e524292f?version=2
异常信息:“DTcms.DBUtility.DbHelperSQL”的类型初始值设定项引发异常。 
[2018-05-02 16:23:46.3414] 
客户机IP:::1
错误地址:http://localhost:40610/__browserLink/requestData/78172c3544ce4f7695e64678814a58d4?version=2
异常信息:“DTcms.DBUtility.DbHelperSQL”的类型初始值设定项引发异常。 
[2018-05-02 16:23:46.6082] 
客户机IP:::1
错误地址:http://localhost:40610/admin/settings/builder_html.aspx
异常信息:引发类型为“System.Web.HttpUnhandledException”的异常。 
[2018-05-02 16:23:47.2786] 
客户机IP:::1
错误地址:http://localhost:40610/admin/settings/templet_list.aspx
异常信息:引发类型为“System.Web.HttpUnhandledException”的异常。 
[2018-05-02 16:23:47.9828] 
客户机IP:::1
错误地址:http://localhost:40610/__browserLink/requestData/eca8698bf9ef434489b965853df40595?version=2
异常信息:“DTcms.DBUtility.DbHelperSQL”的类型初始值设定项引发异常。 
[2018-05-02 16:28:47.9386] 
客户机IP:::1
错误地址:http://localhost:40610/admin/settings/builder_html.aspx
异常信息:引发类型为“System.Web.HttpUnhandledException”的异常。 
[2018-05-02 16:28:48.1086] 
客户机IP:::1
错误地址:http://localhost:40610/favicon.ico
异常信息:未能从程序集“DTcms.BLL, Version=4.0.3.0, Culture=neutral, PublicKeyToken=null”中加载类型“DTcms.BLL.channel_site”。 
[2018-05-02 16:29:10.3186] 
客户机IP:::1
错误地址:http://localhost:40610/admin/settings/templet_list.aspx
异常信息:引发类型为“System.Web.HttpUnhandledException”的异常。 
[2018-05-02 16:29:10.5126] 
客户机IP:::1
错误地址:http://localhost:40610/favicon.ico
异常信息:未能从程序集“DTcms.BLL, Version=4.0.3.0, Culture=neutral, PublicKeyToken=null”中加载类型“DTcms.BLL.channel_site”。 
[2018-05-02 16:33:10.0383] 
客户机IP:::1
错误地址:http://localhost:40610/admin/settings/url_rewrite_edit.aspx
异常信息:引发类型为“System.Web.HttpUnhandledException”的异常。 
[2018-05-02 16:33:10.2171] 
客户机IP:::1
错误地址:http://localhost:40610/favicon.ico
异常信息:未能从程序集“DTcms.BLL, Version=4.0.3.0, Culture=neutral, PublicKeyToken=null”中加载类型“DTcms.BLL.channel_site”。 
[2018-05-02 16:46:05.8453] 
客户机IP:::1
错误地址:http://localhost:40610/favicon.ico
异常信息:未将对象引用设置到对象的实例。 
[2018-05-02 16:46:05.8453] 
客户机IP:::1
错误地址:http://localhost:40610/__browserLink/requestData/0734c5395e7c40f4bae19f8bd973c821?version=2
异常信息:未将对象引用设置到对象的实例。 
[2018-05-02 16:46:05.8453] 
客户机IP:::1
错误地址:http://localhost:40610/__browserLink/requestData/f89b48989e064487af0282d6bf44c5b5?version=2
异常信息:未将对象引用设置到对象的实例。 
[2018-05-02 16:46:06.6521] 
客户机IP:::1
错误地址:http://localhost:40610/admin/settings/templet_list.aspx
异常信息:文件“/admin/settings/templet_list.aspx”不存在。 
[2018-05-02 16:46:07.4251] 
客户机IP:::1
错误地址:http://localhost:40610/__browserLink/requestData/63a51e404cd94f059d84953f13fd3f97?version=2
异常信息:未将对象引用设置到对象的实例。 
[2018-05-02 16:46:11.3216] 
客户机IP:::1
错误地址:http://localhost:40610/admin/settings/templet_list.aspx
异常信息:文件“/admin/settings/templet_list.aspx”不存在。 
[2018-05-02 16:46:12.7208] 
客户机IP:::1
错误地址:http://localhost:40610/admin/settings/builder_html.aspx
异常信息:文件“/admin/settings/builder_html.aspx”不存在。 
[2018-05-02 16:46:13.4188] 
客户机IP:::1
错误地址:http://localhost:40610/__browserLink/requestData/7638063ff72f4ba79c7398f932cbc3ea?version=2
异常信息:未将对象引用设置到对象的实例。 
[2018-05-02 16:46:16.9905] 
客户机IP:::1
错误地址:http://localhost:40610/__browserLink/requestData/3e6a53b5536049fe80e240bb277aedb3?version=2
异常信息:未将对象引用设置到对象的实例。 
[2018-05-02 16:46:18.1298] 
客户机IP:::1
错误地址:http://localhost:40610/favicon.ico
异常信息:未将对象引用设置到对象的实例。 
[2018-05-02 16:46:18.1614] 
客户机IP:::1
错误地址:http://localhost:40610/__browserLink/requestData/c241298125e9491dadcb5bb863209b7e?version=2
异常信息:未将对象引用设置到对象的实例。 
[2018-05-02 16:46:18.1789] 
客户机IP:::1
错误地址:http://localhost:40610/__browserLink/requestData/e074649a0d16452eba890fdad10c7a78?version=2
异常信息:未将对象引用设置到对象的实例。 
[2018-05-02 16:46:18.8211] 
客户机IP:::1
错误地址:http://localhost:40610/__browserLink/requestData/01ef0f5cc02340749f2d13682940ddfe?version=2
异常信息:未将对象引用设置到对象的实例。 
[2018-05-02 16:46:22.0999] 
客户机IP:::1
错误地址:http://localhost:40610/__browserLink/requestData/7443906c13db47b4bba06662e7086133?version=2
异常信息:未将对象引用设置到对象的实例。 
[2018-05-02 16:46:39.5271] 
客户机IP:::1
错误地址:http://localhost:40610/favicon.ico
异常信息:未将对象引用设置到对象的实例。 
[2018-05-02 16:46:39.5587] 
客户机IP:::1
错误地址:http://localhost:40610/__browserLink/requestData/0dace45c49104c0e9eb31500a7a63370?version=2
异常信息:未将对象引用设置到对象的实例。 
[2018-05-02 16:46:39.5732] 
客户机IP:::1
错误地址:http://localhost:40610/__browserLink/requestData/19413f5458d54fb89e20fe2ea3a59d91?version=2
异常信息:未将对象引用设置到对象的实例。 
[2018-05-02 16:54:11.0160] 
客户机IP:::1
错误地址:http://localhost:40610/admin/settings/templet_list.aspx
异常信息:文件“/admin/settings/templet_list.aspx”不存在。 
[2018-05-02 17:05:25.4705] 
客户机IP:::1
错误地址:http://localhost:40610/admin/settings/plugin_list.aspx
异常信息:文件“/admin/settings/plugin_list.aspx”不存在。 
[2018-05-02 17:05:27.2962] 
客户机IP:::1
错误地址:http://localhost:40610/admin/settings/url_rewrite_list.aspx
异常信息:文件“/admin/settings/url_rewrite_list.aspx”不存在。 
[2018-05-02 17:05:41.1438] 
客户机IP:::1
错误地址:http://localhost:40610/admin/settings/builder_html.aspx
异常信息:文件“/admin/settings/builder_html.aspx”不存在。 
[2018-05-02 17:06:04.1836] 
客户机IP:::1
错误地址:http://localhost:40610/admin/settings/templet_list.aspx
异常信息:文件“/admin/settings/templet_list.aspx”不存在。 
[2018-05-02 17:06:19.8659] 
客户机IP:::1
错误地址:http://localhost:40610/admin/manager/manager_list.aspx
异常信息:引发类型为“System.Web.HttpUnhandledException”的异常。 
[2018-05-02 17:06:21.4643] 
客户机IP:::1
错误地址:http://localhost:40610/admin/manager/manager_log.aspx
异常信息:引发类型为“System.Web.HttpUnhandledException”的异常。 
[2018-05-02 17:06:24.8045] 
客户机IP:::1
错误地址:http://localhost:40610/admin/manager/manager_list.aspx
异常信息:引发类型为“System.Web.HttpUnhandledException”的异常。 
[2018-05-02 17:06:43.1008] 
客户机IP:::1
错误地址:http://localhost:40610/admin/manager/manager_list.aspx
异常信息:引发类型为“System.Web.HttpUnhandledException”的异常。 
[2018-05-02 17:06:44.6661] 
客户机IP:::1
错误地址:http://localhost:40610/admin/manager/manager_log.aspx
异常信息:引发类型为“System.Web.HttpUnhandledException”的异常。 
[2018-05-02 17:06:45.7306] 
客户机IP:::1
错误地址:http://localhost:40610/admin/manager/manager_list.aspx
异常信息:引发类型为“System.Web.HttpUnhandledException”的异常。 
[2018-05-02 17:07:17.0020] 
客户机IP:::1
错误地址:http://localhost:40610/admin/manager/manager_list.aspx
异常信息:引发类型为“System.Web.HttpUnhandledException”的异常。 
[2018-05-02 17:07:17.7612] 
客户机IP:::1
错误地址:http://localhost:40610/admin/manager/manager_list.aspx
异常信息:引发类型为“System.Web.HttpUnhandledException”的异常。 
[2018-05-02 17:08:58.4754] 
客户机IP:::1
错误地址:http://localhost:40610/admin/manager/manager_list.aspx
异常信息:引发类型为“System.Web.HttpUnhandledException”的异常。 
[2018-05-02 17:11:55.1215] 
客户机IP:::1
错误地址:http://localhost:40610/admin/manager/manager_list.aspx
异常信息:引发类型为“System.Web.HttpUnhandledException”的异常。 
[2018-05-02 17:12:01.7752] 
客户机IP:::1
错误地址:http://localhost:40610/admin/manager/manager_list.aspx
异常信息:引发类型为“System.Web.HttpUnhandledException”的异常。 
[2018-05-02 17:13:04.3518] 
客户机IP:::1
错误地址:http://localhost:40610/admin/manager/manager_list.aspx
异常信息:引发类型为“System.Web.HttpUnhandledException”的异常。 
[2018-05-02 17:18:03.9386] 
客户机IP:::1
错误地址:http://localhost:40610/admin/settings/templet_list.aspx
异常信息:文件“/admin/settings/templet_list.aspx”不存在。 
[2018-05-02 17:18:04.3588] 
客户机IP:::1
错误地址:http://localhost:40610/admin/settings/builder_html.aspx
异常信息:文件“/admin/settings/builder_html.aspx”不存在。 
[2018-05-02 17:18:05.5902] 
客户机IP:::1
错误地址:http://localhost:40610/admin/settings/templet_list.aspx
异常信息:文件“/admin/settings/templet_list.aspx”不存在。 
[2018-05-02 17:18:07.2461] 
客户机IP:::1
错误地址:http://localhost:40610/admin/settings/builder_html.aspx
异常信息:文件“/admin/settings/builder_html.aspx”不存在。 
